#
# A fatal error has been detected by the Java Runtime Environment:
#
#  SIGSEGV (0xb) at pc=0x0000000122d585dd, pid=97485, tid=1299
#
# JRE version: Java(TM) SE Runtime Environment (8.0_51-b16) (build 1.8.0_51-b16)
# Java VM: Java HotSpot(TM) 64-Bit Server VM (25.51-b03 mixed mode bsd-amd64 compressed oops)
# Problematic frame:
# C  [libglass.dylib+0x155dd]  GlassScreenDidChangeScreenParameters+0x9d
#
# Failed to write core dump. Core dumps have been disabled. To enable core dumping, try "ulimit -c unlimited" before starting Java again
#
# If you would like to submit a bug report, please visit:
#   http://bugreport.java.com/bugreport/crash.jsp
#

---------------  T H R E A D  ---------------

Current thread is native thread

siginfo: si_signo: 11 (SIGSEGV), si_code: 1 (SEGV_MAPERR), si_addr: 0x0000000000000000

Registers:
RAX=0x0000000122d8abc0, RBX=0x0000000000000000, RCX=0x80005f8485c287a2, RDX=0x00007ff06ac44458
RSP=0x00007fff572085f0, RBP=0x00007fff57208600, RSI=0x00007ff068602bd8, RDI=0x0000000000000000
R8 =0x00007fff572084a0, R9 =0x00007fff749c9300, R10=0x0000000000000000, R11=0x0000000000000246
R12=0x00007ff06870b4b0, R13=0x00000000000f426a, R14=0x00007ff06858a700, R15=0x00007fff57208740
RIP=0x0000000122d585dd, EFLAGS=0x0000000000010202, ERR=0x0000000000000004
  TRAPNO=0x000000000000000e

Top of Stack: (sp=0x00007fff572085f0)
0x00007fff572085f0:   00007fff572087d0 00007ff06858a700
0x00007fff57208600:   00007fff57208610 00007fff9054145c
0x00007fff57208610:   00007fff57208970 00007fff90431634
0x00007fff57208620:   00007fff57208670 0000000000001e00
0x00007fff57208630:   00007fff752d1ed0 00007ff033c06c40
0x00007fff57208640:   0000000000001003 0000000000000bb8
0x00007fff57208650:   00007ff033c06c40 00007ff06858a700
0x00007fff57208660:   0000000000000000 00007fff57208740
0x00007fff57208670:   0000000000000000 00007ff06858cd50
0x00007fff57208680:   00007fff572087c0 000000000000007d
0x00007fff57208690:   00000000000f4360 00007ff033b33740
0x00007fff572086a0:   00007ff06874bc50 00007ff06870b4b0
0x00007fff572086b0:   0000000000000001 00000000000f426a
0x00007fff572086c0:   00007ff06870b4a0 00007fff8e150acb
0x00007fff572086d0:   0000000000000001 0000000000000001
0x00007fff572086e0:   0000000000000030 0000000000000001
0x00007fff572086f0:   00007fff57208710 00007fff8e156231
0x00007fff57208700:   00007fff752cffb0 0000000000000000
0x00007fff57208710:   00007fff57208730 0000000000000025
0x00007fff57208720:   0004220320000000 00007ff06870b4d4
0x00007fff57208730:   0000000000000000 00007fff9042710f
0x00007fff57208740:   00007ff06858a700 00007fff752cffb0
0x00007fff57208750:   00007fff572087d0 0000000000000002
0x00007fff57208760:   00007fff572087a0 00007fff8e15053e
0x00007fff57208770:   0000000108a12a00 0000000000000002
0x00007fff57208780:   0000000108a0f000 00007ff0685c4c52
0x00007fff57208790:   0000000000000003 0000000108a13400
0x00007fff572087a0:   00007fff57208890 00007fff8e14f2a2
0x00007fff572087b0:   00007ff06874b7e0 00007fff57208978
0x00007fff572087c0:   0000000000000017 0000000000000000
0x00007fff572087d0:   00000000000f426a 00007fff90427403
0x00007fff572087e0:   00007fff00000000 00007ff068752ab0 

Instructions: (pc=0x0000000122d585dd)
0x0000000122d585bd:   89 df 4c 89 f1 41 ff 90 68 04 00 00 48 8d 05 f8
0x0000000122d585cd:   24 03 00 48 8b 30 48 8d 05 e6 25 03 00 48 8b 10
0x0000000122d585dd:   48 8b 0b 30 c0 48 89 df ff 91 68 04 00 00 48 8b
0x0000000122d585ed:   03 48 89 df ff 50 78 48 85 c0 74 36 49 89 c6 48 

Register to memory mapping:

RAX=0x0000000122d8abc0: jScreenNotifySettingsChanged+0 in /Library/Java/JavaVirtualMachines/jdk1.8.0_51.jdk/Contents/Home/jre/lib/libglass.dylib at 0x0000000122d43000
RBX=0x0000000000000000 is an unknown value
RCX=0x80005f8485c287a2 is an unknown value
RDX=0x00007ff06ac44458 is an unknown value
RSP=0x00007fff572085f0 is an unknown value
RBP=0x00007fff57208600 is an unknown value
RSI=0x00007ff068602bd8 is a global jni handle
RDI=0x0000000000000000 is an unknown value
R8 =0x00007fff572084a0 is an unknown value
R9 =0x00007fff749c9300: _thread+0 in /usr/lib/system/libsystem_pthread.dylib at 0x00007fff8ccca000
R10=0x0000000000000000 is an unknown value
R11=0x0000000000000246 is an unknown value
R12=0x00007ff06870b4b0 is an unknown value
R13=0x00000000000f426a is an unknown value
R14=0x00007ff06858a700 is an unknown value
R15=0x00007fff57208740 is an unknown value


Stack: [0x00007fff56a0c000,0x00007fff5720c000],  sp=0x00007fff572085f0,  free space=8177k
Native frames: (J=compiled Java code, j=interpreted, Vv=VM code, C=native code)
C  [libglass.dylib+0x155dd]  GlassScreenDidChangeScreenParameters+0x9d
C  [CoreFoundation+0x12045c]  __CFNOTIFICATIONCENTER_IS_CALLING_OUT_TO_AN_OBSERVER__+0xc
C  [CoreFoundation+0x10634]  _CFXNotificationPost+0xc44
C  [Foundation+0x79d1]  -[NSNotificationCenter postNotificationName:object:userInfo:]+0x42
C  [AppKit+0x40df7e]  -[NSApplication _reactToScreenInvalidationImmediately:]+0x17b
C  [AppKit+0x40ddc7]  __44-[NSApplication _reactToScreenInvalidation:]_block_invoke+0x4b
C  [CoreFoundation+0x808ec]  __CFRUNLOOP_IS_CALLING_OUT_TO_A_BLOCK__+0xc
C  [CoreFoundation+0x729f5]  __CFRunLoopDoBlocks+0x155
C  [CoreFoundation+0x72536]  __CFRunLoopRun+0x716
C  [CoreFoundation+0x71bd8]  CFRunLoopRunSpecific+0x128
C  [java+0x6463]  CreateExecutionEnvironment+0x367
C  [java+0x21ac]  JLI_Launch+0x7a0
C  [java+0x84c0]  main+0x65
C  [java+0x1a04]  start+0x34


---------------  P R O C E S S  ---------------

VM state:at safepoint (normal execution)

VM Mutex/Monitor currently owned by a thread:  ([mutex/lock_event])
[0x00007ff068519e30] Threads_lock - owner thread: 0x00007ff06902a000
[0x00007ff06851a330] Heap_lock - owner thread: 0x00007ff057c5e800

Heap:
 PSYoungGen      total 38400K, used 5908K [0x0000000795580000, 0x0000000798380000, 0x00000007c0000000)
  eden space 31744K, 18% used [0x0000000795580000,0x0000000795b253c8,0x0000000797480000)
  from space 6656K, 1% used [0x0000000797500000,0x0000000797520000,0x0000000797b80000)
  to   space 7680K, 0% used [0x0000000797c00000,0x0000000797c00000,0x0000000798380000)
 ParOldGen       total 87552K, used 6141K [0x0000000740000000, 0x0000000745580000, 0x0000000795580000)
  object space 87552K, 7% used [0x0000000740000000,0x00000007405ff4b8,0x0000000745580000)
 Metaspace       used 16085K, capacity 17024K, committed 17280K, reserved 1064960K
  class space    used 2238K, capacity 2423K, committed 2432K, reserved 1048576K

Card table byte_map: [0x000000011982c000,0x0000000119c2d000] byte_map_base: 0x0000000115e2c000

Marking Bits: (ParMarkBitMap*) 0x0000000109cc27a0
 Begin Bits: [0x000000011a2e4000, 0x000000011c2e4000)
 End Bits:   [0x000000011c2e4000, 0x000000011e2e4000)

Polling page: 0x0000000108b4d000

CodeCache: size=245760Kb used=5960Kb max_used=5960Kb free=239799Kb
 bounds [0x000000010a46c000, 0x000000010aa4c000, 0x000000011946c000]
 total_blobs=2617 nmethods=1974 adapters=556
 compilation: enabled

Compilation events (10 events):
Event: 4376.925 Thread 0x00007ff06a026800 1977       3       com.sun.prism.es2.GLContext::setBoundTexture (16 bytes)
Event: 4376.925 Thread 0x00007ff06a026800 nmethod 1977 0x000000010aa3b810 code [0x000000010aa3b980, 0x000000010aa3bc28]
Event: 4376.925 Thread 0x00007ff06a026800 1978       3       com.sun.prism.es2.GLContext::bindTexture (9 bytes)
Event: 4376.926 Thread 0x00007ff06a026800 nmethod 1978 0x000000010aa3b490 code [0x000000010aa3b600, 0x000000010aa3b788]
Event: 4376.926 Thread 0x00007ff06a026800 1976       3       com.sun.javafx.geom.transform.AffineBase::isIdentity (20 bytes)
Event: 4376.926 Thread 0x00007ff06a026800 nmethod 1976 0x000000010aa3ad50 code [0x000000010aa3aee0, 0x000000010aa3b398]
Event: 4376.926 Thread 0x00007ff06a026800 1974       3       com.sun.javafx.geom.transform.Translate2D::getMxt (5 bytes)
Event: 4376.926 Thread 0x00007ff06a026800 nmethod 1974 0x000000010aa3aa10 code [0x000000010aa3ab60, 0x000000010aa3acb0]
Event: 4376.926 Thread 0x00007ff06a026800 1975       3       com.sun.javafx.geom.transform.Translate2D::getMyt (5 bytes)
Event: 4376.926 Thread 0x00007ff06a026800 nmethod 1975 0x000000010aa3a6d0 code [0x000000010aa3a820, 0x000000010aa3a970]

GC Heap History (10 events):
Event: 1326.283 GC heap before
{Heap before GC invocations=3 (full 0):
 PSYoungGen      total 38400K, used 38384K [0x0000000795580000, 0x0000000798000000, 0x00000007c0000000)
  eden space 33280K, 100% used [0x0000000795580000,0x0000000797600000,0x0000000797600000)
  from space 5120K, 99% used [0x0000000797b00000,0x0000000797ffc030,0x0000000798000000)
  to   space 5120K, 0% used [0x0000000797600000,0x0000000797600000,0x0000000797b00000)
 ParOldGen       total 87552K, used 1240K [0x0000000740000000, 0x0000000745580000, 0x0000000795580000)
  object space 87552K, 1% used [0x0000000740000000,0x0000000740136020,0x0000000745580000)
 Metaspace       used 16037K, capacity 16930K, committed 17024K, reserved 1064960K
  class space    used 2230K, capacity 2414K, committed 2432K, reserved 1048576K
Event: 1326.325 GC heap after
Heap after GC invocations=3 (full 0):
 PSYoungGen      total 38400K, used 5109K [0x0000000795580000, 0x0000000798000000, 0x00000007c0000000)
  eden space 33280K, 0% used [0x0000000795580000,0x0000000795580000,0x0000000797600000)
  from space 5120K, 99% used [0x0000000797600000,0x0000000797afd530,0x0000000797b00000)
  to   space 5120K, 0% used [0x0000000797b00000,0x0000000797b00000,0x0000000798000000)
 ParOldGen       total 87552K, used 1264K [0x0000000740000000, 0x0000000745580000, 0x0000000795580000)
  object space 87552K, 1% used [0x0000000740000000,0x000000074013c020,0x0000000745580000)
 Metaspace       used 16037K, capacity 16930K, committed 17024K, reserved 1064960K
  class space    used 2230K, capacity 2414K, committed 2432K, reserved 1048576K
}
Event: 2150.953 GC heap before
{Heap before GC invocations=4 (full 0):
 PSYoungGen      total 38400K, used 38389K [0x0000000795580000, 0x0000000798000000, 0x00000007c0000000)
  eden space 33280K, 100% used [0x0000000795580000,0x0000000797600000,0x0000000797600000)
  from space 5120K, 99% used [0x0000000797600000,0x0000000797afd530,0x0000000797b00000)
  to   space 5120K, 0% used [0x0000000797b00000,0x0000000797b00000,0x0000000798000000)
 ParOldGen       total 87552K, used 1264K [0x0000000740000000, 0x0000000745580000, 0x0000000795580000)
  object space 87552K, 1% used [0x0000000740000000,0x000000074013c020,0x0000000745580000)
 Metaspace       used 16037K, capacity 16930K, committed 17024K, reserved 1064960K
  class space    used 2230K, capacity 2414K, committed 2432K, reserved 1048576K
Event: 2150.988 GC heap after
Heap after GC invocations=4 (full 0):
 PSYoungGen      total 38400K, used 5106K [0x0000000795580000, 0x0000000798000000, 0x00000007c0000000)
  eden space 33280K, 0% used [0x0000000795580000,0x0000000795580000,0x0000000797600000)
  from space 5120K, 99% used [0x0000000797b00000,0x0000000797ffcac0,0x0000000798000000)
  to   space 5120K, 0% used [0x0000000797600000,0x0000000797600000,0x0000000797b00000)
 ParOldGen       total 87552K, used 1280K [0x0000000740000000, 0x0000000745580000, 0x0000000795580000)
  object space 87552K, 1% used [0x0000000740000000,0x0000000740140020,0x0000000745580000)
 Metaspace       used 16037K, capacity 16930K, committed 17024K, reserved 1064960K
  class space    used 2230K, capacity 2414K, committed 2432K, reserved 1048576K
}
Event: 2838.516 GC heap before
{Heap before GC invocations=5 (full 0):
 PSYoungGen      total 38400K, used 38386K [0x0000000795580000, 0x0000000798000000, 0x00000007c0000000)
  eden space 33280K, 100% used [0x0000000795580000,0x0000000797600000,0x0000000797600000)
  from space 5120K, 99% used [0x0000000797b00000,0x0000000797ffcac0,0x0000000798000000)
  to   space 5120K, 0% used [0x0000000797600000,0x0000000797600000,0x0000000797b00000)
 ParOldGen       total 87552K, used 1280K [0x0000000740000000, 0x0000000745580000, 0x0000000795580000)
  object space 87552K, 1% used [0x0000000740000000,0x0000000740140020,0x0000000745580000)
 Metaspace       used 16037K, capacity 16930K, committed 17024K, reserved 1064960K
  class space    used 2230K, capacity 2414K, committed 2432K, reserved 1048576K
Event: 2838.534 GC heap after
Heap after GC invocations=5 (full 0):
 PSYoungGen      total 37888K, used 4914K [0x0000000795580000, 0x0000000798280000, 0x00000007c0000000)
  eden space 32768K, 0% used [0x0000000795580000,0x0000000795580000,0x0000000797580000)
  from space 5120K, 95% used [0x0000000797600000,0x0000000797accaa0,0x0000000797b00000)
  to   space 6656K, 0% used [0x0000000797c00000,0x0000000797c00000,0x0000000798280000)
 ParOldGen       total 87552K, used 1280K [0x0000000740000000, 0x0000000745580000, 0x0000000795580000)
  object space 87552K, 1% used [0x0000000740000000,0x0000000740140020,0x0000000745580000)
 Metaspace       used 16037K, capacity 16930K, committed 17024K, reserved 1064960K
  class space    used 2230K, capacity 2414K, committed 2432K, reserved 1048576K
}
Event: 3477.770 GC heap before
{Heap before GC invocations=6 (full 0):
 PSYoungGen      total 37888K, used 37682K [0x0000000795580000, 0x0000000798280000, 0x00000007c0000000)
  eden space 32768K, 100% used [0x0000000795580000,0x0000000797580000,0x0000000797580000)
  from space 5120K, 95% used [0x0000000797600000,0x0000000797accaa0,0x0000000797b00000)
  to   space 6656K, 0% used [0x0000000797c00000,0x0000000797c00000,0x0000000798280000)
 ParOldGen       total 87552K, used 1280K [0x0000000740000000, 0x0000000745580000, 0x0000000795580000)
  object space 87552K, 1% used [0x0000000740000000,0x0000000740140020,0x0000000745580000)
 Metaspace       used 16037K, capacity 16930K, committed 17024K, reserved 1064960K
  class space    used 2230K, capacity 2414K, committed 2432K, reserved 1048576K
Event: 3478.085 GC heap after
Heap after GC invocations=6 (full 0):
 PSYoungGen      total 38400K, used 4898K [0x0000000795580000, 0x0000000798200000, 0x00000007c0000000)
  eden space 32256K, 0% used [0x0000000795580000,0x0000000795580000,0x0000000797500000)
  from space 6144K, 79% used [0x0000000797c00000,0x00000007980c8ab0,0x0000000798200000)
  to   space 6656K, 0% used [0x0000000797500000,0x0000000797500000,0x0000000797b80000)
 ParOldGen       total 87552K, used 1288K [0x0000000740000000, 0x0000000745580000, 0x0000000795580000)
  object space 87552K, 1% used [0x0000000740000000,0x0000000740142020,0x0000000745580000)
 Metaspace       used 16037K, capacity 16930K, committed 17024K, reserved 1064960K
  class space    used 2230K, capacity 2414K, committed 2432K, reserved 1048576K
}
Event: 4295.551 GC heap before
{Heap before GC invocations=7 (full 0):
 PSYoungGen      total 38400K, used 37154K [0x0000000795580000, 0x0000000798200000, 0x00000007c0000000)
  eden space 32256K, 100% used [0x0000000795580000,0x0000000797500000,0x0000000797500000)
  from space 6144K, 79% used [0x0000000797c00000,0x00000007980c8ab0,0x0000000798200000)
  to   space 6656K, 0% used [0x0000000797500000,0x0000000797500000,0x0000000797b80000)
 ParOldGen       total 87552K, used 1288K [0x0000000740000000, 0x0000000745580000, 0x0000000795580000)
  object space 87552K, 1% used [0x0000000740000000,0x0000000740142020,0x0000000745580000)
 Metaspace       used 16037K, capacity 16930K, committed 17024K, reserved 1064960K
  class space    used 2230K, capacity 2414K, committed 2432K, reserved 1048576K
Event: 4295.610 GC heap after
Heap after GC invocations=7 (full 0):
 PSYoungGen      total 38400K, used 128K [0x0000000795580000, 0x0000000798380000, 0x00000007c0000000)
  eden space 31744K, 0% used [0x0000000795580000,0x0000000795580000,0x0000000797480000)
  from space 6656K, 1% used [0x0000000797500000,0x0000000797520000,0x0000000797b80000)
  to   space 7680K, 0% used [0x0000000797c00000,0x0000000797c00000,0x0000000798380000)
 ParOldGen       total 87552K, used 6141K [0x0000000740000000, 0x0000000745580000, 0x0000000795580000)
  object space 87552K, 7% used [0x0000000740000000,0x00000007405ff4b8,0x0000000745580000)
 Metaspace       used 16037K, capacity 16930K, committed 17024K, reserved 1064960K
  class space    used 2230K, capacity 2414K, committed 2432K, reserved 1048576K
}

Deoptimization events (10 events):
Event: 1.421 Thread 0x00007ff06a0bf800 Uncommon trap: reason=class_check action=maybe_recompile pc=0x000000010a59fe9c method=java.lang.String.equals(Ljava/lang/Object;)Z @ 8
Event: 1.635 Thread 0x00007ff06a0bf800 Uncommon trap: reason=unstable_if action=reinterpret pc=0x000000010a690320 method=java.lang.CharacterData.of(I)Ljava/lang/CharacterData; @ 4
Event: 1.683 Thread 0x00007ff06a0bf800 Uncommon trap: reason=class_check action=maybe_recompile pc=0x000000010a59fe9c method=java.lang.String.equals(Ljava/lang/Object;)Z @ 8
Event: 2.323 Thread 0x00007ff068986800 Uncommon trap: reason=unstable_if action=reinterpret pc=0x000000010a904da4 method=com.sun.javafx.geom.RectBounds.isEmpty()Z @ 21
Event: 3.209 Thread 0x00007ff06a0bf800 Uncommon trap: reason=array_check action=maybe_recompile pc=0x000000010a90cc84 method=com.sun.javafx.css.SimpleSelector.applies(Ljavafx/css/Styleable;[Ljava/util/Set;I)Z @ 37
Event: 3.209 Thread 0x00007ff06a0bf800 Uncommon trap: reason=array_check action=maybe_recompile pc=0x000000010a90cc84 method=com.sun.javafx.css.SimpleSelector.applies(Ljavafx/css/Styleable;[Ljava/util/Set;I)Z @ 37
Event: 3.210 Thread 0x00007ff06a0bf800 Uncommon trap: reason=array_check action=maybe_recompile pc=0x000000010a90cc84 method=com.sun.javafx.css.SimpleSelector.applies(Ljavafx/css/Styleable;[Ljava/util/Set;I)Z @ 37
Event: 3.210 Thread 0x00007ff06a0bf800 Uncommon trap: reason=array_check action=maybe_recompile pc=0x000000010a9138b8 method=com.sun.javafx.css.SimpleSelector.applies(Ljavafx/css/Styleable;[Ljava/util/Set;I)Z @ 37
Event: 3.210 Thread 0x00007ff06a0bf800 Uncommon trap: reason=array_check action=maybe_recompile pc=0x000000010a90cc84 method=com.sun.javafx.css.SimpleSelector.applies(Ljavafx/css/Styleable;[Ljava/util/Set;I)Z @ 37
Event: 3.269 Thread 0x00007ff06a0bf800 Uncommon trap: reason=unstable_if action=reinterpret pc=0x000000010a7eecb4 method=jdk.internal.org.objectweb.asm.Type.getArgumentsAndReturnSizes(Ljava/lang/String;)I @ 47

Internal exceptions (10 events):
Event: 0.241 Thread 0x00007ff068812000 Exception <a 'java/lang/NoSuchFieldError': method resolution failed> (0x0000000795a5ab68) thrown at [/Users/java_re/workspace/8-2-build-macosx-x86_64/jdk8u51/3951/hotspot/src/share/vm/prims/methodHandles.cpp, line 1125]
Event: 0.277 Thread 0x00007ff06a09d800 Exception <a 'java/security/PrivilegedActionException'> (0x0000000795b749f0) thrown at [/Users/java_re/workspace/8-2-build-macosx-x86_64/jdk8u51/3951/hotspot/src/share/vm/prims/jvm.cpp, line 1382]
Event: 0.277 Thread 0x00007ff06a09d800 Exception <a 'java/security/PrivilegedActionException'> (0x0000000795b74ba8) thrown at [/Users/java_re/workspace/8-2-build-macosx-x86_64/jdk8u51/3951/hotspot/src/share/vm/prims/jvm.cpp, line 1382]
Event: 0.277 Thread 0x00007ff06a09d800 Exception <a 'java/security/PrivilegedActionException'> (0x0000000795b77d98) thrown at [/Users/java_re/workspace/8-2-build-macosx-x86_64/jdk8u51/3951/hotspot/src/share/vm/prims/jvm.cpp, line 1382]
Event: 0.278 Thread 0x00007ff06a09d800 Exception <a 'java/security/PrivilegedActionException'> (0x0000000795b77f50) thrown at [/Users/java_re/workspace/8-2-build-macosx-x86_64/jdk8u51/3951/hotspot/src/share/vm/prims/jvm.cpp, line 1382]
Event: 0.278 Thread 0x00007ff06a09d800 Exception <a 'java/lang/NullPointerException'> (0x0000000795b79870) thrown at [/Users/java_re/workspace/8-2-build-macosx-x86_64/jdk8u51/3951/hotspot/src/share/vm/interpreter/linkResolver.cpp, line 1178]
Event: 0.776 Thread 0x00007ff06a0bf800 Exception <a 'java/lang/NoSuchMethodError': <clinit>> (0x0000000796261f58) thrown at [/Users/java_re/workspace/8-2-build-macosx-x86_64/jdk8u51/3951/hotspot/src/share/vm/prims/jni.cpp, line 1598]
Event: 0.857 Thread 0x00007ff06a0bf800 Exception <a 'java/lang/NoSuchMethodError': <clinit>> (0x00000007962b90e0) thrown at [/Users/java_re/workspace/8-2-build-macosx-x86_64/jdk8u51/3951/hotspot/src/share/vm/prims/jni.cpp, line 1598]
Event: 0.949 Thread 0x00007ff06a0bf800 Exception <a 'java/lang/NullPointerException'> (0x00000007963f2030) thrown at [/Users/java_re/workspace/8-2-build-macosx-x86_64/jdk8u51/3951/hotspot/src/share/vm/interpreter/linkResolver.cpp, line 1178]
Event: 0.949 Thread 0x00007ff06a0bf800 Exception <a 'java/lang/NullPointerException'> (0x00000007963f2030) thrown at [/Users/java_re/workspace/8-2-build-macosx-x86_64/jdk8u51/3951/hotspot/src/share/vm/prims/jvm.cpp, line 1386]

Events (10 events):
Event: 4377.250 Thread 0x00007ff06a0bf800 Thread exited: 0x00007ff06a0bf800
Event: 4377.250 Thread 0x00007ff068812000 Thread exited: 0x00007ff068812000
Event: 4377.250 Thread 0x00007ff057c5e800 Thread added: 0x00007ff057c5e800
Event: 4377.250 loading class java/util/IdentityHashMap$KeySet
Event: 4377.250 loading class java/util/IdentityHashMap$KeySet done
Event: 4377.251 loading class java/util/IdentityHashMap$KeyIterator
Event: 4377.251 loading class java/util/IdentityHashMap$IdentityHashMapIterator
Event: 4377.251 loading class java/util/IdentityHashMap$IdentityHashMapIterator done
Event: 4377.251 loading class java/util/IdentityHashMap$KeyIterator done
Event: 4377.251 Thread 0x00007ff057c5e800 Thread exited: 0x00007ff057c5e800


Dynamic libraries:
0x000000000328b000 	/System/Library/Frameworks/Cocoa.framework/Versions/A/Cocoa
0x000000000328b000 	/System/Library/Frameworks/Security.framework/Versions/A/Security
0x000000000328b000 	/System/Library/Frameworks/ApplicationServices.framework/Versions/A/ApplicationServices
0x000000000328b000 	/usr/lib/libz.1.dylib
0x000000000328b000 	/usr/lib/libSystem.B.dylib
0x000000000328b000 	/usr/lib/libobjc.A.dylib
0x000000000328b000 	/System/Library/Frameworks/CoreFoundation.framework/Versions/A/CoreFoundation
0x000000000328b000 	/System/Library/Frameworks/Foundation.framework/Versions/C/Foundation
0x000000000328b000 	/System/Library/Frameworks/AppKit.framework/Versions/C/AppKit
0x000000000328b000 	/System/Library/Frameworks/CoreData.framework/Versions/A/CoreData
0x000000000328b000 	/System/Library/PrivateFrameworks/RemoteViewServices.framework/Versions/A/RemoteViewServices
0x000000000328b000 	/System/Library/PrivateFrameworks/UIFoundation.framework/Versions/A/UIFoundation
0x000000000328b000 	/System/Library/Frameworks/IOSurface.framework/Versions/A/IOSurface
0x000000000328b000 	/System/Library/Frameworks/AudioToolbox.framework/Versions/A/AudioToolbox
0x000000000328b000 	/System/Library/Frameworks/AudioUnit.framework/Versions/A/AudioUnit
0x000000000328b000 	/System/Library/PrivateFrameworks/DataDetectorsCore.framework/Versions/A/DataDetectorsCore
0x000000000328b000 	/System/Library/PrivateFrameworks/DesktopServicesPriv.framework/Versions/A/DesktopServicesPriv
0x000000000328b000 	/System/Library/Frameworks/Carbon.framework/Versions/A/Frameworks/HIToolbox.framework/Versions/A/HIToolbox
0x000000000328b000 	/System/Library/Frameworks/QuartzCore.framework/Versions/A/QuartzCore
0x000000000328b000 	/System/Library/Frameworks/Carbon.framework/Versions/A/Frameworks/SpeechRecognition.framework/Versions/A/SpeechRecognition
0x000000000328b000 	/usr/lib/libauto.dylib
0x000000000328b000 	/usr/lib/libicucore.A.dylib
0x000000000328b000 	/usr/lib/libxml2.2.dylib
0x000000000328b000 	/System/Library/PrivateFrameworks/CoreUI.framework/Versions/A/CoreUI
0x000000000328b000 	/System/Library/Frameworks/CoreAudio.framework/Versions/A/CoreAudio
0x000000000328b000 	/System/Library/Frameworks/DiskArbitration.framework/Versions/A/DiskArbitration
0x000000000328b000 	/usr/lib/liblangid.dylib
0x000000000328b000 	/System/Library/PrivateFrameworks/MultitouchSupport.framework/Versions/A/MultitouchSupport
0x000000000328b000 	/System/Library/Frameworks/IOKit.framework/Versions/A/IOKit
0x000000000328b000 	/usr/lib/libDiagnosticMessagesClient.dylib
0x000000000328b000 	/System/Library/Frameworks/CoreServices.framework/Versions/A/CoreServices
0x000000000328b000 	/System/Library/PrivateFrameworks/PerformanceAnalysis.framework/Versions/A/PerformanceAnalysis
0x000000000328b000 	/System/Library/PrivateFrameworks/GenerationalStorage.framework/Versions/A/GenerationalStorage
0x000000000328b000 	/System/Library/Frameworks/OpenGL.framework/Versions/A/OpenGL
0x000000000328b000 	/System/Library/PrivateFrameworks/Sharing.framework/Versions/A/Sharing
0x000000000328b000 	/System/Library/Frameworks/CoreGraphics.framework/Versions/A/CoreGraphics
0x000000000328b000 	/System/Library/Frameworks/CoreText.framework/Versions/A/CoreText
0x000000000328b000 	/System/Library/Frameworks/ImageIO.framework/Versions/A/ImageIO
0x000000000328b000 	/usr/lib/libextension.dylib
0x000000000328b000 	/System/Library/PrivateFrameworks/Backup.framework/Versions/A/Backup
0x000000000328b000 	/usr/lib/libarchive.2.dylib
0x000000000328b000 	/System/Library/Frameworks/CFNetwork.framework/Versions/A/CFNetwork
0x000000000328b000 	/System/Library/Frameworks/SystemConfiguration.framework/Versions/A/SystemConfiguration
0x000000000328b000 	/usr/lib/libCRFSuite.dylib
0x000000000328b000 	/usr/lib/libc++.1.dylib
0x000000000328b000 	/usr/lib/libc++abi.dylib
0x000000000328b000 	/usr/lib/system/libcache.dylib
0x000000000328b000 	/usr/lib/system/libcommonCrypto.dylib
0x000000000328b000 	/usr/lib/system/libcompiler_rt.dylib
0x000000000328b000 	/usr/lib/system/libcopyfile.dylib
0x000000000328b000 	/usr/lib/system/libcorecrypto.dylib
0x000000000328b000 	/usr/lib/system/libdispatch.dylib
0x000000000328b000 	/usr/lib/system/libdyld.dylib
0x000000000328b000 	/usr/lib/system/libkeymgr.dylib
0x000000000328b000 	/usr/lib/system/liblaunch.dylib
0x000000000328b000 	/usr/lib/system/libmacho.dylib
0x000000000328b000 	/usr/lib/system/libquarantine.dylib
0x000000000328b000 	/usr/lib/system/libremovefile.dylib
0x000000000328b000 	/usr/lib/system/libsystem_asl.dylib
0x000000000328b000 	/usr/lib/system/libsystem_blocks.dylib
0x000000000328b000 	/usr/lib/system/libsystem_c.dylib
0x000000000328b000 	/usr/lib/system/libsystem_configuration.dylib
0x000000000328b000 	/usr/lib/system/libsystem_coreservices.dylib
0x000000000328b000 	/usr/lib/system/libsystem_coretls.dylib
0x000000000328b000 	/usr/lib/system/libsystem_dnssd.dylib
0x000000000328b000 	/usr/lib/system/libsystem_info.dylib
0x000000000328b000 	/usr/lib/system/libsystem_kernel.dylib
0x000000000328b000 	/usr/lib/system/libsystem_m.dylib
0x000000000328b000 	/usr/lib/system/libsystem_malloc.dylib
0x000000000328b000 	/usr/lib/system/libsystem_network.dylib
0x000000000328b000 	/usr/lib/system/libsystem_networkextension.dylib
0x000000000328b000 	/usr/lib/system/libsystem_notify.dylib
0x000000000328b000 	/usr/lib/system/libsystem_platform.dylib
0x000000000328b000 	/usr/lib/system/libsystem_pthread.dylib
0x000000000328b000 	/usr/lib/system/libsystem_sandbox.dylib
0x000000000328b000 	/usr/lib/system/libsystem_secinit.dylib
0x000000000328b000 	/usr/lib/system/libsystem_stats.dylib
0x000000000328b000 	/usr/lib/system/libsystem_trace.dylib
0x000000000328b000 	/usr/lib/system/libunc.dylib
0x000000000328b000 	/usr/lib/system/libunwind.dylib
0x000000000328b000 	/usr/lib/system/libxpc.dylib
0x000000000328b000 	/usr/lib/libbz2.1.0.dylib
0x000000000328b000 	/usr/lib/liblzma.5.dylib
0x000000000328b000 	/usr/lib/libbsm.0.dylib
0x000000000328b000 	/usr/lib/libsqlite3.dylib
0x000000000328b000 	/usr/lib/system/libkxld.dylib
0x000000000328b000 	/usr/lib/libxar.1.dylib
0x000000000328b000 	/usr/lib/libpam.2.dylib
0x000000000328b000 	/usr/lib/libOpenScriptingUtil.dylib
0x000000000328b000 	/System/Library/Frameworks/CoreServices.framework/Versions/A/Frameworks/FSEvents.framework/Versions/A/FSEvents
0x000000000328b000 	/System/Library/Frameworks/CoreServices.framework/Versions/A/Frameworks/CarbonCore.framework/Versions/A/CarbonCore
0x000000000328b000 	/System/Library/Frameworks/CoreServices.framework/Versions/A/Frameworks/Metadata.framework/Versions/A/Metadata
0x000000000328b000 	/System/Library/Frameworks/CoreServices.framework/Versions/A/Frameworks/OSServices.framework/Versions/A/OSServices
0x000000000328b000 	/System/Library/Frameworks/CoreServices.framework/Versions/A/Frameworks/SearchKit.framework/Versions/A/SearchKit
0x000000000328b000 	/System/Library/Frameworks/CoreServices.framework/Versions/A/Frameworks/AE.framework/Versions/A/AE
0x000000000328b000 	/System/Library/Frameworks/CoreServices.framework/Versions/A/Frameworks/LaunchServices.framework/Versions/A/LaunchServices
0x000000000328b000 	/System/Library/Frameworks/CoreServices.framework/Versions/A/Frameworks/DictionaryServices.framework/Versions/A/DictionaryServices
0x000000000328b000 	/System/Library/Frameworks/NetFS.framework/Versions/A/NetFS
0x000000000328b000 	/System/Library/PrivateFrameworks/NetAuth.framework/Versions/A/NetAuth
0x000000000328b000 	/System/Library/PrivateFrameworks/login.framework/Versions/A/Frameworks/loginsupport.framework/Versions/A/loginsupport
0x000000000328b000 	/System/Library/PrivateFrameworks/TCC.framework/Versions/A/TCC
0x000000000328b000 	/usr/lib/libmecabra.dylib
0x000000000328b000 	/System/Library/Frameworks/ApplicationServices.framework/Versions/A/Frameworks/ATS.framework/Versions/A/ATS
0x000000000328b000 	/System/Library/Frameworks/ApplicationServices.framework/Versions/A/Frameworks/ColorSync.framework/Versions/A/ColorSync
0x000000000328b000 	/System/Library/Frameworks/ApplicationServices.framework/Versions/A/Frameworks/HIServices.framework/Versions/A/HIServices
0x000000000328b000 	/System/Library/Frameworks/ApplicationServices.framework/Versions/A/Frameworks/LangAnalysis.framework/Versions/A/LangAnalysis
0x000000000328b000 	/System/Library/Frameworks/ApplicationServices.framework/Versions/A/Frameworks/PrintCore.framework/Versions/A/PrintCore
0x000000000328b000 	/System/Library/Frameworks/ApplicationServices.framework/Versions/A/Frameworks/QD.framework/Versions/A/QD
0x000000000328b000 	/System/Library/Frameworks/ApplicationServices.framework/Versions/A/Frameworks/SpeechSynthesis.framework/Versions/A/SpeechSynthesis
0x000000000328b000 	/System/Library/Frameworks/Accelerate.framework/Versions/A/Accelerate
0x000000000328b000 	/System/Library/Frameworks/Accelerate.framework/Versions/A/Frameworks/vImage.framework/Versions/A/vImage
0x000000000328b000 	/System/Library/Frameworks/Accelerate.framework/Versions/A/Frameworks/vecLib.framework/Versions/A/vecLib
0x000000000328b000 	/System/Library/Frameworks/Accelerate.framework/Versions/A/Frameworks/vecLib.framework/Versions/A/libvDSP.dylib
0x000000000328b000 	/System/Library/Frameworks/Accelerate.framework/Versions/A/Frameworks/vecLib.framework/Versions/A/libvMisc.dylib
0x000000000328b000 	/System/Library/Frameworks/Accelerate.framework/Versions/A/Frameworks/vecLib.framework/Versions/A/libLAPACK.dylib
0x000000000328b000 	/System/Library/Frameworks/Accelerate.framework/Versions/A/Frameworks/vecLib.framework/Versions/A/libBLAS.dylib
0x000000000328b000 	/System/Library/Frameworks/Accelerate.framework/Versions/A/Frameworks/vecLib.framework/Versions/A/libLinearAlgebra.dylib
0x000000000328b000 	/System/Library/Frameworks/ApplicationServices.framework/Versions/A/Frameworks/ATS.framework/Versions/A/Resources/libFontParser.dylib
0x000000000328b000 	/System/Library/Frameworks/ApplicationServices.framework/Versions/A/Frameworks/ATS.framework/Versions/A/Resources/libFontRegistry.dylib
0x000000000328b000 	/System/Library/PrivateFrameworks/AppleVPA.framework/Versions/A/AppleVPA
0x000000000328b000 	/System/Library/PrivateFrameworks/AppleJPEG.framework/Versions/A/AppleJPEG
0x000000000328b000 	/System/Library/Frameworks/ImageIO.framework/Versions/A/Resources/libJPEG.dylib
0x000000000328b000 	/System/Library/Frameworks/ImageIO.framework/Versions/A/Resources/libTIFF.dylib
0x000000000328b000 	/System/Library/Frameworks/ImageIO.framework/Versions/A/Resources/libPng.dylib
0x000000000328b000 	/System/Library/Frameworks/ImageIO.framework/Versions/A/Resources/libGIF.dylib
0x000000000328b000 	/System/Library/Frameworks/ImageIO.framework/Versions/A/Resources/libJP2.dylib
0x000000000328b000 	/System/Library/Frameworks/ImageIO.framework/Versions/A/Resources/libRadiance.dylib
0x000000000328b000 	/System/Library/Frameworks/CoreVideo.framework/Versions/A/CoreVideo
0x000000000328b000 	/System/Library/Frameworks/OpenGL.framework/Versions/A/Libraries/libGLU.dylib
0x000000000328b000 	/System/Library/Frameworks/OpenGL.framework/Versions/A/Libraries/libGFXShared.dylib
0x000000000328b000 	/System/Library/Frameworks/OpenGL.framework/Versions/A/Libraries/libGL.dylib
0x000000000328b000 	/System/Library/Frameworks/OpenGL.framework/Versions/A/Libraries/libGLImage.dylib
0x000000000328b000 	/System/Library/Frameworks/OpenGL.framework/Versions/A/Libraries/libCVMSPluginSupport.dylib
0x000000000328b000 	/System/Library/Frameworks/OpenGL.framework/Versions/A/Libraries/libCoreVMClient.dylib
0x000000000328b000 	/usr/lib/libcups.2.dylib
0x000000000328b000 	/System/Library/Frameworks/Kerberos.framework/Versions/A/Kerberos
0x000000000328b000 	/System/Library/Frameworks/GSS.framework/Versions/A/GSS
0x000000000328b000 	/usr/lib/libresolv.9.dylib
0x000000000328b000 	/usr/lib/libiconv.2.dylib
0x000000000328b000 	/System/Library/PrivateFrameworks/Heimdal.framework/Versions/A/Heimdal
0x000000000328b000 	/usr/lib/libheimdal-asn1.dylib
0x000000000328b000 	/System/Library/Frameworks/OpenDirectory.framework/Versions/A/OpenDirectory
0x000000000328b000 	/System/Library/PrivateFrameworks/CommonAuth.framework/Versions/A/CommonAuth
0x000000000328b000 	/System/Library/Frameworks/OpenDirectory.framework/Versions/A/Frameworks/CFOpenDirectory.framework/Versions/A/CFOpenDirectory
0x000000000328b000 	/System/Library/Frameworks/SecurityFoundation.framework/Versions/A/SecurityFoundation
0x000000000328b000 	/System/Library/PrivateFrameworks/LanguageModeling.framework/Versions/A/LanguageModeling
0x000000000328b000 	/usr/lib/libcmph.dylib
0x000000000328b000 	/System/Library/Frameworks/ServiceManagement.framework/Versions/A/ServiceManagement
0x000000000328b000 	/usr/lib/libxslt.1.dylib
0x000000000328b000 	/System/Library/Frameworks/Carbon.framework/Versions/A/Frameworks/Ink.framework/Versions/A/Ink
0x000000000328b000 	/System/Library/Frameworks/QuartzCore.framework/Versions/A/Frameworks/CoreImage.framework/Versions/A/CoreImage
0x000000000328b000 	/System/Library/PrivateFrameworks/CrashReporterSupport.framework/Versions/A/CrashReporterSupport
0x000000000328b000 	/System/Library/Frameworks/OpenCL.framework/Versions/A/OpenCL
0x000000000328b000 	/System/Library/PrivateFrameworks/FaceCore.framework/Versions/A/FaceCore
0x000000000328b000 	/System/Library/PrivateFrameworks/Ubiquity.framework/Versions/A/Ubiquity
0x000000000328b000 	/System/Library/PrivateFrameworks/IconServices.framework/Versions/A/IconServices
0x000000000328b000 	/System/Library/PrivateFrameworks/ChunkingLibrary.framework/Versions/A/ChunkingLibrary
0x000000000328b000 	/System/Library/PrivateFrameworks/Apple80211.framework/Versions/A/Apple80211
0x000000000328b000 	/System/Library/Frameworks/CoreWLAN.framework/Versions/A/CoreWLAN
0x000000000328b000 	/System/Library/Frameworks/IOBluetooth.framework/Versions/A/IOBluetooth
0x000000000328b000 	/System/Library/PrivateFrameworks/CoreWiFi.framework/Versions/A/CoreWiFi
0x000000000328b000 	/System/Library/Frameworks/CoreBluetooth.framework/Versions/A/CoreBluetooth
0x000000000328b000 	/System/Library/PrivateFrameworks/DebugSymbols.framework/Versions/A/DebugSymbols
0x000000000328b000 	/System/Library/PrivateFrameworks/CoreSymbolication.framework/Versions/A/CoreSymbolication
0x000000000328b000 	/System/Library/PrivateFrameworks/Symbolication.framework/Versions/A/Symbolication
0x000000000328b000 	/System/Library/PrivateFrameworks/SpeechRecognitionCore.framework/Versions/A/SpeechRecognitionCore
0x0000000109400000 	/Library/Java/JavaVirtualMachines/jdk1.8.0_51.jdk/Contents/Home/jre/lib/server/libjvm.dylib
0x000000000328b000 	/usr/lib/libstdc++.6.dylib
0x0000000108b0a000 	/Library/Java/JavaVirtualMachines/jdk1.8.0_51.jdk/Contents/Home/jre/lib/libverify.dylib
0x0000000108b18000 	/Library/Java/JavaVirtualMachines/jdk1.8.0_51.jdk/Contents/Home/jre/lib/libjava.dylib
0x0000000108b57000 	/Library/Java/JavaVirtualMachines/jdk1.8.0_51.jdk/Contents/Home/jre/lib/libzip.dylib
0x0000000120454000 	/System/Library/Frameworks/JavaVM.framework/Frameworks/JavaRuntimeSupport.framework/JavaRuntimeSupport
0x000000012046c000 	/System/Library/Frameworks/JavaVM.framework/Versions/A/Frameworks/JavaNativeFoundation.framework/Versions/A/JavaNativeFoundation
0x0000000108bf1000 	/System/Library/Frameworks/JavaVM.framework/Versions/A/JavaVM
0x000000000328b000 	/System/Library/Frameworks/Carbon.framework/Versions/A/Carbon
0x0000000120481000 	/System/Library/PrivateFrameworks/JavaLaunching.framework/Versions/A/JavaLaunching
0x000000000328b000 	/System/Library/Frameworks/Carbon.framework/Versions/A/Frameworks/CommonPanels.framework/Versions/A/CommonPanels
0x000000000328b000 	/System/Library/Frameworks/Carbon.framework/Versions/A/Frameworks/Help.framework/Versions/A/Help
0x000000000328b000 	/System/Library/Frameworks/Carbon.framework/Versions/A/Frameworks/ImageCapture.framework/Versions/A/ImageCapture
0x000000000328b000 	/System/Library/Frameworks/Carbon.framework/Versions/A/Frameworks/OpenScripting.framework/Versions/A/OpenScripting
0x000000000328b000 	/System/Library/Frameworks/Carbon.framework/Versions/A/Frameworks/Print.framework/Versions/A/Print
0x000000000328b000 	/System/Library/Frameworks/Carbon.framework/Versions/A/Frameworks/SecurityHI.framework/Versions/A/SecurityHI
0x00000001224d3000 	/Applications/IntelliJ IDEA 14.app/Contents/bin/libbreakgen64.jnilib
0x000000012266f000 	/Library/Java/JavaVirtualMachines/jdk1.8.0_51.jdk/Contents/Home/jre/lib/libnet.dylib
0x00000001228d4000 	/Library/Java/JavaVirtualMachines/jdk1.8.0_51.jdk/Contents/Home/jre/lib/libprism_es2.dylib
0x000000000328b000 	/System/Library/Frameworks/OpenGL.framework/Versions/A/Resources/GLEngine.bundle/GLEngine
0x000000000328b000 	/System/Library/Frameworks/OpenGL.framework/Versions/A/Libraries/libGLProgrammability.dylib
0x0000000000000000 	/System/Library/Extensions/AppleIntelBDWGraphicsGLDriver.bundle/Contents/MacOS/AppleIntelBDWGraphicsGLDriver
0x000000000328b000 	/System/Library/PrivateFrameworks/IOAccelerator.framework/Versions/A/IOAccelerator
0x000000000328b000 	/System/Library/PrivateFrameworks/GPUSupport.framework/Versions/A/Libraries/libGPUSupportMercury.dylib
0x000000000328b000 	/System/Library/Frameworks/OpenGL.framework/Versions/A/Resources/GLRendererFloat.bundle/GLRendererFloat
0x000000000328b000 	/System/Library/Frameworks/OpenCL.framework/Versions/A/Libraries/libcldcpuengine.dylib
0x000000000328b000 	/System/Library/PrivateFrameworks/DiskImages.framework/Versions/A/DiskImages
0x000000000328b000 	/System/Library/Frameworks/DiscRecording.framework/Versions/A/DiscRecording
0x000000000328b000 	/usr/lib/libcsfde.dylib
0x000000000328b000 	/usr/lib/libcurl.4.dylib
0x000000000328b000 	/System/Library/PrivateFrameworks/MediaKit.framework/Versions/A/MediaKit
0x000000000328b000 	/System/Library/PrivateFrameworks/ProtectedCloudStorage.framework/Versions/A/ProtectedCloudStorage
0x000000000328b000 	/usr/lib/libCoreStorage.dylib
0x000000000328b000 	/System/Library/PrivateFrameworks/EFILogin.framework/Versions/A/EFILogin
0x000000000328b000 	/usr/lib/libutil.dylib
0x000000000328b000 	/System/Library/PrivateFrameworks/FindMyDevice.framework/Versions/A/FindMyDevice
0x000000000328b000 	/System/Library/Frameworks/LDAP.framework/Versions/A/LDAP
0x000000000328b000 	/usr/lib/libsasl2.2.dylib
0x000000000328b000 	/System/Library/PrivateFrameworks/CoreDaemon.framework/Versions/B/CoreDaemon
0x000000000328b000 	/usr/lib/libcrypto.0.9.8.dylib
0x000000000328b000 	/System/Library/PrivateFrameworks/AppleSRP.framework/Versions/A/AppleSRP
0x000000000328b000 	/System/Library/PrivateFrameworks/TrustEvaluationAgent.framework/Versions/A/TrustEvaluationAgent
0x0000000122d43000 	/Library/Java/JavaVirtualMachines/jdk1.8.0_51.jdk/Contents/Home/jre/lib/libglass.dylib
0x000000000328b000 	/System/Library/PrivateFrameworks/CoreServicesInternal.framework/Versions/A/CoreServicesInternal
0x000000000328b000 	/System/Library/PrivateFrameworks/CloudDocs.framework/Versions/A/CloudDocs
0x000000000328b000 	/System/Library/PrivateFrameworks/CoreDuet.framework/Versions/A/CoreDuet
0x000000000328b000 	/System/Library/Frameworks/CloudKit.framework/Versions/A/CloudKit
0x000000000328b000 	/System/Library/PrivateFrameworks/ProtocolBuffer.framework/Versions/A/ProtocolBuffer
0x000000000328b000 	/System/Library/PrivateFrameworks/CoreDuetDaemonProtocol.framework/Versions/A/CoreDuetDaemonProtocol
0x000000000328b000 	/System/Library/PrivateFrameworks/CoreDuetDebugLogging.framework/Versions/A/CoreDuetDebugLogging
0x000000000328b000 	/System/Library/PrivateFrameworks/MMCS.framework/Versions/A/MMCS
0x000000000328b000 	/System/Library/Frameworks/CoreLocation.framework/Versions/A/CoreLocation
0x000000000328b000 	/System/Library/PrivateFrameworks/GeoServices.framework/Versions/A/GeoServices
0x000000000328b000 	/System/Library/Frameworks/CoreGraphics.framework/Versions/A/Resources/libCGCMS.A.dylib
0x000000000328b000 	/System/Library/CoreServices/RawCamera.bundle/Contents/MacOS/RawCamera
0x000000000328b000 	/System/Library/Frameworks/CoreGraphics.framework/Versions/A/Resources/libRIP.A.dylib
0x000000000328b000 	/System/Library/PrivateFrameworks/FamilyControls.framework/Versions/A/FamilyControls
0x000000000328b000 	/System/Library/PrivateFrameworks/CommerceKit.framework/Versions/A/Frameworks/CommerceCore.framework/Versions/A/CommerceCore
0x000000000328b000 	/System/Library/PrivateFrameworks/SystemAdministration.framework/Versions/A/SystemAdministration
0x000000000328b000 	/System/Library/PrivateFrameworks/AppContainer.framework/Versions/A/AppContainer
0x000000000328b000 	/System/Library/PrivateFrameworks/SecCodeWrapper.framework/Versions/A/SecCodeWrapper
0x000000000328b000 	/System/Library/Frameworks/DirectoryService.framework/Versions/A/DirectoryService
0x000000000328b000 	/System/Library/PrivateFrameworks/LoginUIKit.framework/Versions/A/Frameworks/LoginUICore.framework/Versions/A/LoginUICore
0x000000000328b000 	/usr/lib/libodfde.dylib
0x0000000126919000 	/Library/Java/JavaVirtualMachines/jdk1.8.0_51.jdk/Contents/Home/jre/lib/libjavafx_font.dylib
0x000000000328b000 	/System/Library/Frameworks/CoreGraphics.framework/Versions/A/Resources/libCGXType.A.dylib
0x0000000126856000 	cl_kernels
0x000000012945f000 	/System/Library/Frameworks/OpenCL.framework/Versions/A/Libraries/ImageFormats/unorm8_bgra.dylib
0x000000012685c000 	cl_kernels
0x0000000127ffd000 	/Library/Java/JavaVirtualMachines/jdk1.8.0_51.jdk/Contents/Home/jre/lib/libprism_common.dylib

VM Arguments:
jvm_args: -Didea.launcher.port=7533 -Didea.launcher.bin.path=/Applications/IntelliJ IDEA 14.app/Contents/bin -Dfile.encoding=UTF-8 
java_command: com.intellij.rt.execution.application.AppMain GUI
java_class_path (initial): /Library/Java/JavaVirtualMachines/jdk1.8.0_51.jdk/Contents/Home/lib/ant-javafx.jar:/Library/Java/JavaVirtualMachines/jdk1.8.0_51.jdk/Contents/Home/lib/dt.jar:/Library/Java/JavaVirtualMachines/jdk1.8.0_51.jdk/Contents/Home/lib/javafx-mx.jar:/Library/Java/JavaVirtualMachines/jdk1.8.0_51.jdk/Contents/Home/lib/jconsole.jar:/Library/Java/JavaVirtualMachines/jdk1.8.0_51.jdk/Contents/Home/lib/packager.jar:/Library/Java/JavaVirtualMachines/jdk1.8.0_51.jdk/Contents/Home/lib/sa-jdi.jar:/Library/Java/JavaVirtualMachines/jdk1.8.0_51.jdk/Contents/Home/lib/tools.jar:/Library/Java/JavaVirtualMachines/jdk1.8.0_51.jdk/Contents/Home/jre/lib/charsets.jar:/Library/Java/JavaVirtualMachines/jdk1.8.0_51.jdk/Contents/Home/jre/lib/deploy.jar:/Library/Java/JavaVirtualMachines/jdk1.8.0_51.jdk/Contents/Home/jre/lib/javaws.jar:/Library/Java/JavaVirtualMachines/jdk1.8.0_51.jdk/Contents/Home/jre/lib/jce.jar:/Library/Java/JavaVirtualMachines/jdk1.8.0_51.jdk/Contents/Home/jre/lib/jfr.jar:/Library/Java/JavaVirtualMachines/jdk1.8.0_51.jdk/Contents/Home/jre/lib/jfxswt.jar:/Library/Java/JavaVirtualMachines/jdk1.8.0_51.jdk/Contents/Home/jre/lib/jsse.jar:/Library/Java/JavaVirtualMachines/jdk1.8.0_51.jdk/Contents/Home/jre/lib/management-agent.jar:/Library/Java/JavaVirtualMachines/jdk1.8.0_51.jdk/Contents/Home/jre/lib/plugin.jar:/Library/Java/JavaVirtualMachines/jdk1.8.0_51.jdk/Contents/Home/jre/lib/resources.jar:/Library/Java/JavaVirtualMachines/jdk1.8.0_51.jdk/Contents/Home/jre/lib/rt.jar:/Library/Java/JavaVirtualMachines/jdk1.8.0_51.jdk/Contents/Home/jre/lib/ext/cldrdata.jar:/Library/Java/JavaVirtualMachines/jdk1.8.0_51.jdk/Contents/Home/jre/lib/ext/dnsns.jar:/Library/Java/JavaVirtualMachines/jdk1.8.0_51.jdk/Contents/Home/jre/lib/ext/jfxrt.jar:/Library/Java/JavaVirtualMachines/jdk1.8.0_51.jdk/Contents/Home/jre/lib/ext/localedata.jar:/Library/Java/JavaVirtualMachines/jdk1.8.0_51.jdk/Contents/Home/jre/lib/ext/nashorn.jar:/Library/Java/JavaVirtualMachines/jdk1.8.0_51.jdk/Conten
Launcher Type: SUN_STANDARD

Environment Variables:
PATH=/Users/evanllewellyn/.opam/system/bin:/usr/local/bin:/usr/bin:/bin:/usr/sbin:/sbin:/Users/evanllewellyn/.rvm/bin
SHELL=/bin/bash

Signal Handlers:
SIGSEGV: [libjvm.dylib+0x58ef35], sa_mask[0]=11111111011111110111111111111111, sa_flags=SA_ONSTACK|SA_RESTART|SA_SIGINFO
SIGBUS: [libjvm.dylib+0x58ef35], sa_mask[0]=11111111011111110111111111111111, sa_flags=SA_RESTART|SA_SIGINFO
SIGFPE: [libjvm.dylib+0x46c028], sa_mask[0]=11111111011111110111111111111111, sa_flags=SA_RESTART|SA_SIGINFO
SIGPIPE: [libjvm.dylib+0x46c028], sa_mask[0]=11111111011111110111111111111111, sa_flags=SA_RESTART|SA_SIGINFO
SIGXFSZ: [libjvm.dylib+0x46c028], sa_mask[0]=11111111011111110111111111111111, sa_flags=SA_RESTART|SA_SIGINFO
SIGILL: [libjvm.dylib+0x46c028], sa_mask[0]=11111111011111110111111111111111, sa_flags=SA_RESTART|SA_SIGINFO
SIGUSR1: SIG_DFL, sa_mask[0]=00000000000000000000000000000000, sa_flags=none
SIGUSR2: [libjvm.dylib+0x46bb46], sa_mask[0]=00100000000000000000000000000000, sa_flags=SA_RESTART|SA_SIGINFO
SIGHUP: [libjvm.dylib+0x46a119], sa_mask[0]=11111111011111110111111111111111, sa_flags=SA_RESTART|SA_SIGINFO
SIGINT: [libjvm.dylib+0x46a119], sa_mask[0]=11111111011111110111111111111111, sa_flags=SA_RESTART|SA_SIGINFO
SIGTERM: [libjvm.dylib+0x46a119], sa_mask[0]=11111111011111110111111111111111, sa_flags=SA_RESTART|SA_SIGINFO
SIGQUIT: [libjvm.dylib+0x46a119], sa_mask[0]=11111111011111110111111111111111, sa_flags=SA_RESTART|SA_SIGINFO


---------------  S Y S T E M  ---------------

OS:Bsduname:Darwin 14.3.0 Darwin Kernel Version 14.3.0: Mon Mar 23 11:59:05 PDT 2015; root:xnu-2782.20.48~5/RELEASE_X86_64 x86_64
rlimit: STACK 8192k, CORE 0k, NPROC 709, NOFILE 10240, AS infinity
load average:5.21 5.12 4.44

CPU:total 4 (2 cores per cpu, 2 threads per core) family 6 model 61 stepping 4, cmov, cx8, fxsr, mmx, sse, sse2, sse3, ssse3, sse4.1, sse4.2, popcnt, avx, avx2, aes, clmul, erms, 3dnowpref, lzcnt, ht, tsc, tscinvbit, bmi1, bmi2, adx

Memory: 4k page, physical 8388608k(16460k free)

/proc/meminfo:


vm_info: Java HotSpot(TM) 64-Bit Server VM (25.51-b03) for bsd-amd64 JRE (1.8.0_51-b16), built on Jun  8 2015 18:01:11 by "java_re" with gcc 4.2.1 (Based on Apple Inc. build 5658) (LLVM build 2336.11.00)

time: Fri Aug 21 17:44:10 2015
elapsed time: 4377 seconds (0d 1h 12m 57s)

